{"/home/travis/build/npmtest/node-npmtest-favicons/test.js":{"path":"/home/travis/build/npmtest/node-npmtest-favicons/test.js","s":{"1":2,"2":2,"3":2,"4":2,"5":2,"6":2,"7":2,"8":1,"9":2,"10":2,"11":1,"12":1,"13":1,"14":1,"15":2,"16":2,"17":2,"18":2,"19":1,"20":1,"21":2,"22":2,"23":2,"24":1,"25":1,"26":1,"27":1,"28":1,"29":1,"30":1,"31":1,"32":1,"33":1,"34":1,"35":1,"36":1,"37":1,"38":1,"39":2,"40":2,"41":1,"42":2,"43":2,"44":1,"45":2,"46":2,"47":1,"48":2,"49":2,"50":1,"51":1,"52":1,"53":1,"54":1},"b":{"1":[2,1,1,1],"2":[1,1,1,1],"3":[1,1],"4":[1,1],"5":[1,1],"6":[1,1],"7":[1,1],"8":[1,1],"9":[1,1],"10":[1,1,1],"11":[1,1],"12":[1,1],"13":[1,1],"14":[1,1],"15":[1,1],"16":[1,1],"17":[1,1]},"f":{"1":2,"2":2,"3":2,"4":2,"5":2,"6":1,"7":1,"8":1,"9":2,"10":2,"11":2,"12":2,"13":1},"fnMap":{"1":{"name":"(anonymous_1)","line":12,"loc":{"start":{"line":12,"column":1},"end":{"line":12,"column":13}}},"2":{"name":"(anonymous_2)","line":19,"loc":{"start":{"line":19,"column":5},"end":{"line":19,"column":17}}},"3":{"name":"(anonymous_3)","line":23,"loc":{"start":{"line":23,"column":24},"end":{"line":23,"column":36}}},"4":{"name":"(anonymous_4)","line":61,"loc":{"start":{"line":61,"column":5},"end":{"line":61,"column":17}}},"5":{"name":"(anonymous_5)","line":82,"loc":{"start":{"line":82,"column":5},"end":{"line":82,"column":17}}},"6":{"name":"(anonymous_6)","line":91,"loc":{"start":{"line":91,"column":77},"end":{"line":94,"column":10}}},"7":{"name":"(anonymous_7)","line":112,"loc":{"start":{"line":112,"column":83},"end":{"line":115,"column":10}},"skip":true},"8":{"name":"(anonymous_8)","line":123,"loc":{"start":{"line":123,"column":77},"end":{"line":126,"column":10}},"skip":true},"9":{"name":"(anonymous_9)","line":139,"loc":{"start":{"line":139,"column":12},"end":{"line":139,"column":40}},"skip":true},"10":{"name":"(anonymous_10)","line":147,"loc":{"start":{"line":147,"column":77},"end":{"line":150,"column":10}},"skip":true},"11":{"name":"(anonymous_11)","line":158,"loc":{"start":{"line":158,"column":83},"end":{"line":161,"column":10}},"skip":true},"12":{"name":"(anonymous_12)","line":169,"loc":{"start":{"line":169,"column":79},"end":{"line":172,"column":10}},"skip":true},"13":{"name":"(anonymous_13)","line":180,"loc":{"start":{"line":180,"column":75},"end":{"line":183,"column":10}},"skip":true}},"statementMap":{"1":{"start":{"line":12,"column":0},"end":{"line":195,"column":5}},"2":{"start":{"line":14,"column":4},"end":{"line":14,"column":14}},"3":{"start":{"line":19,"column":4},"end":{"line":56,"column":9}},"4":{"start":{"line":21,"column":8},"end":{"line":21,"column":19}},"5":{"start":{"line":23,"column":8},"end":{"line":35,"column":13}},"6":{"start":{"line":24,"column":12},"end":{"line":34,"column":13}},"7":{"start":{"line":25,"column":16},"end":{"line":28,"column":30}},"8":{"start":{"line":30,"column":16},"end":{"line":33,"column":27}},"9":{"start":{"line":37,"column":8},"end":{"line":39,"column":21}},"10":{"start":{"line":40,"column":8},"end":{"line":53,"column":9}},"11":{"start":{"line":43,"column":12},"end":{"line":46,"column":14}},"12":{"start":{"line":47,"column":12},"end":{"line":47,"column":18}},"13":{"start":{"line":50,"column":12},"end":{"line":51,"column":46}},"14":{"start":{"line":52,"column":12},"end":{"line":52,"column":18}},"15":{"start":{"line":55,"column":8},"end":{"line":55,"column":35}},"16":{"start":{"line":61,"column":4},"end":{"line":63,"column":9}},"17":{"start":{"line":62,"column":8},"end":{"line":62,"column":15}},"18":{"start":{"line":64,"column":4},"end":{"line":77,"column":5}},"19":{"start":{"line":70,"column":8},"end":{"line":70,"column":14}},"20":{"start":{"line":76,"column":8},"end":{"line":76,"column":14}},"21":{"start":{"line":82,"column":4},"end":{"line":84,"column":9}},"22":{"start":{"line":83,"column":8},"end":{"line":83,"column":15}},"23":{"start":{"line":85,"column":4},"end":{"line":194,"column":5}},"24":{"start":{"line":91,"column":8},"end":{"line":99,"column":10}},"25":{"start":{"line":98,"column":12},"end":{"line":98,"column":35}},"26":{"start":{"line":102,"column":8},"end":{"line":104,"column":63}},"27":{"start":{"line":105,"column":8},"end":{"line":105,"column":14}},"28":{"start":{"line":112,"column":8},"end":{"line":121,"column":10},"skip":true},"29":{"start":{"line":119,"column":12},"end":{"line":119,"column":55},"skip":true},"30":{"start":{"line":120,"column":12},"end":{"line":120,"column":48},"skip":true},"31":{"start":{"line":123,"column":8},"end":{"line":136,"column":10},"skip":true},"32":{"start":{"line":130,"column":12},"end":{"line":130,"column":76},"skip":true},"33":{"start":{"line":131,"column":12},"end":{"line":131,"column":73},"skip":true},"34":{"start":{"line":132,"column":12},"end":{"line":132,"column":74},"skip":true},"35":{"start":{"line":133,"column":12},"end":{"line":133,"column":79},"skip":true},"36":{"start":{"line":134,"column":12},"end":{"line":134,"column":25},"skip":true},"37":{"start":{"line":135,"column":12},"end":{"line":135,"column":45},"skip":true},"38":{"start":{"line":138,"column":8},"end":{"line":145,"column":14},"skip":true},"39":{"start":{"line":143,"column":16},"end":{"line":143,"column":29},"skip":true},"40":{"start":{"line":144,"column":16},"end":{"line":144,"column":55},"skip":true},"41":{"start":{"line":147,"column":8},"end":{"line":156,"column":10},"skip":true},"42":{"start":{"line":154,"column":12},"end":{"line":154,"column":25},"skip":true},"43":{"start":{"line":155,"column":12},"end":{"line":155,"column":45},"skip":true},"44":{"start":{"line":158,"column":8},"end":{"line":167,"column":10},"skip":true},"45":{"start":{"line":165,"column":12},"end":{"line":165,"column":25},"skip":true},"46":{"start":{"line":166,"column":12},"end":{"line":166,"column":48},"skip":true},"47":{"start":{"line":169,"column":8},"end":{"line":178,"column":10},"skip":true},"48":{"start":{"line":176,"column":12},"end":{"line":176,"column":25},"skip":true},"49":{"start":{"line":177,"column":12},"end":{"line":177,"column":46},"skip":true},"50":{"start":{"line":180,"column":8},"end":{"line":189,"column":10},"skip":true},"51":{"start":{"line":187,"column":12},"end":{"line":187,"column":94},"skip":true},"52":{"start":{"line":188,"column":12},"end":{"line":188,"column":48},"skip":true},"53":{"start":{"line":192,"column":8},"end":{"line":192,"column":35},"skip":true},"54":{"start":{"line":193,"column":8},"end":{"line":193,"column":14},"skip":true}},"branchMap":{"1":{"line":25,"type":"binary-expr","locations":[{"start":{"line":25,"column":23},"end":{"line":25,"column":62}},{"start":{"line":26,"column":20},"end":{"line":26,"column":70}},{"start":{"line":27,"column":20},"end":{"line":27,"column":71}},{"start":{"line":28,"column":20},"end":{"line":28,"column":29}}]},"2":{"line":30,"type":"binary-expr","locations":[{"start":{"line":30,"column":23},"end":{"line":30,"column":37}},{"start":{"line":31,"column":20},"end":{"line":31,"column":61}},{"start":{"line":32,"column":20},"end":{"line":32,"column":70}},{"start":{"line":33,"column":20},"end":{"line":33,"column":26}}]},"3":{"line":37,"type":"cond-expr","locations":[{"start":{"line":38,"column":14},"end":{"line":38,"column":20}},{"start":{"line":39,"column":14},"end":{"line":39,"column":20}}]},"4":{"line":40,"type":"switch","locations":[{"start":{"line":42,"column":8},"end":{"line":47,"column":18}},{"start":{"line":49,"column":8},"end":{"line":52,"column":18}}]},"5":{"line":44,"type":"binary-expr","locations":[{"start":{"line":44,"column":16},"end":{"line":44,"column":44}},{"start":{"line":44,"column":48},"end":{"line":44,"column":66}}]},"6":{"line":50,"type":"binary-expr","locations":[{"start":{"line":50,"column":21},"end":{"line":50,"column":49}},{"start":{"line":50,"column":53},"end":{"line":50,"column":72}}]},"7":{"line":64,"type":"switch","locations":[{"start":{"line":69,"column":4},"end":{"line":70,"column":14}},{"start":{"line":75,"column":4},"end":{"line":76,"column":14}}]},"8":{"line":85,"type":"switch","locations":[{"start":{"line":90,"column":4},"end":{"line":105,"column":14}},{"start":{"line":111,"column":4},"end":{"line":193,"column":14},"skip":true}]},"9":{"line":91,"type":"binary-expr","locations":[{"start":{"line":91,"column":42},"end":{"line":91,"column":73}},{"start":{"line":91,"column":77},"end":{"line":99,"column":9}}]},"10":{"line":102,"type":"binary-expr","locations":[{"start":{"line":102,"column":18},"end":{"line":102,"column":32}},{"start":{"line":103,"column":12},"end":{"line":103,"column":53}},{"start":{"line":104,"column":12},"end":{"line":104,"column":61}}]},"11":{"line":112,"type":"binary-expr","locations":[{"start":{"line":112,"column":45},"end":{"line":112,"column":79},"skip":true},{"start":{"line":112,"column":83},"end":{"line":121,"column":9},"skip":true}]},"12":{"line":123,"type":"binary-expr","locations":[{"start":{"line":123,"column":42},"end":{"line":123,"column":73},"skip":true},{"start":{"line":123,"column":77},"end":{"line":136,"column":9},"skip":true}]},"13":{"line":138,"type":"binary-expr","locations":[{"start":{"line":138,"column":48},"end":{"line":138,"column":85},"skip":true},{"start":{"line":139,"column":12},"end":{"line":145,"column":13},"skip":true}]},"14":{"line":147,"type":"binary-expr","locations":[{"start":{"line":147,"column":42},"end":{"line":147,"column":73},"skip":true},{"start":{"line":147,"column":77},"end":{"line":156,"column":9},"skip":true}]},"15":{"line":158,"type":"binary-expr","locations":[{"start":{"line":158,"column":45},"end":{"line":158,"column":79},"skip":true},{"start":{"line":158,"column":83},"end":{"line":167,"column":9},"skip":true}]},"16":{"line":169,"type":"binary-expr","locations":[{"start":{"line":169,"column":43},"end":{"line":169,"column":75},"skip":true},{"start":{"line":169,"column":79},"end":{"line":178,"column":9},"skip":true}]},"17":{"line":180,"type":"binary-expr","locations":[{"start":{"line":180,"column":41},"end":{"line":180,"column":71},"skip":true},{"start":{"line":180,"column":75},"end":{"line":189,"column":9},"skip":true}]}},"code":["/* istanbul instrument in package npmtest_favicons */","/*jslint","    bitwise: true,","    browser: true,","    maxerr: 8,","    maxlen: 96,","    node: true,","    nomen: true,","    regexp: true,","    stupid: true","*/","(function () {","    'use strict';","    var local;","","","","    // run shared js-env code - pre-init","    (function () {","        // init local","        local = {};","        // init modeJs","        local.modeJs = (function () {","            try {","                return typeof navigator.userAgent === 'string' &&","                    typeof document.querySelector('body') === 'object' &&","                    typeof XMLHttpRequest.prototype.open === 'function' &&","                    'browser';","            } catch (errorCaughtBrowser) {","                return module.exports &&","                    typeof process.versions.node === 'string' &&","                    typeof require('http').createServer === 'function' &&","                    'node';","            }","        }());","        // init global","        local.global = local.modeJs === 'browser'","            ? window","            : global;","        switch (local.modeJs) {","        // re-init local from window.local","        case 'browser':","            local = local.global.utility2.objectSetDefault(","                local.global.utility2_rollup || local.global.local,","                local.global.utility2","            );","            break;","        // re-init local from example.js","        case 'node':","            local = (local.global.utility2_rollup || require('utility2'))","                .requireExampleJsFromReadme();","            break;","        }","        // export local","        local.global.local = local;","    }());","","","","    // run shared js-env code - function","    (function () {","        return;","    }());","    switch (local.modeJs) {","","","","    // run browser js-env code - function","    case 'browser':","        break;","","","","    // run node js-env code - function","    case 'node':","        break;","    }","","","","    // run shared js-env code - post-init","    (function () {","        return;","    }());","    switch (local.modeJs) {","","","","    // run browser js-env code - post-init","    case 'browser':","        local.testCase_browser_nullCase = local.testCase_browser_nullCase || function (","            options,","            onError","        ) {","        /*","         * this function will test browsers's null-case handling-behavior-behavior","         */","            onError(null, options);","        };","","        // run tests","        local.nop(local.modeTest &&","            document.querySelector('#testRunButton1') &&","            document.querySelector('#testRunButton1').click());","        break;","","","","    // run node js-env code - post-init","    /* istanbul ignore next */","    case 'node':","        local.testCase_buildApidoc_default = local.testCase_buildApidoc_default || function (","            options,","            onError","        ) {","        /*","         * this function will test buildApidoc's default handling-behavior-behavior","         */","            options = { modulePathList: module.paths };","            local.buildApidoc(options, onError);","        };","","        local.testCase_buildApp_default = local.testCase_buildApp_default || function (","            options,","            onError","        ) {","        /*","         * this function will test buildApp's default handling-behavior-behavior","         */","            local.testCase_buildReadme_default(options, local.onErrorThrow);","            local.testCase_buildLib_default(options, local.onErrorThrow);","            local.testCase_buildTest_default(options, local.onErrorThrow);","            local.testCase_buildCustomOrg_default(options, local.onErrorThrow);","            options = [];","            local.buildApp(options, onError);","        };","","        local.testCase_buildCustomOrg_default = local.testCase_buildCustomOrg_default ||","            function (options, onError) {","            /*","             * this function will test buildCustomOrg's default handling-behavior","             */","                options = {};","                local.buildCustomOrg(options, onError);","            };","","        local.testCase_buildLib_default = local.testCase_buildLib_default || function (","            options,","            onError","        ) {","        /*","         * this function will test buildLib's default handling-behavior","         */","            options = {};","            local.buildLib(options, onError);","        };","","        local.testCase_buildReadme_default = local.testCase_buildReadme_default || function (","            options,","            onError","        ) {","        /*","         * this function will test buildReadme's default handling-behavior-behavior","         */","            options = {};","            local.buildReadme(options, onError);","        };","","        local.testCase_buildTest_default = local.testCase_buildTest_default || function (","            options,","            onError","        ) {","        /*","         * this function will test buildTest's default handling-behavior","         */","            options = {};","            local.buildTest(options, onError);","        };","","        local.testCase_webpage_default = local.testCase_webpage_default || function (","            options,","            onError","        ) {","        /*","         * this function will test webpage's default handling-behavior","         */","            options = { modeCoverageMerge: true, url: local.serverLocalHost + '?modeTest=1' };","            local.browserTest(options, onError);","        };","","        // run test-server","        local.testRunServer(local);","        break;","    }","}());",""],"l":{"12":2,"14":2,"19":2,"21":2,"23":2,"24":2,"25":2,"30":1,"37":2,"40":2,"43":1,"47":1,"50":1,"52":1,"55":2,"61":2,"62":2,"64":2,"70":1,"76":1,"82":2,"83":2,"85":2,"91":1,"98":1,"102":1,"105":1,"112":1,"119":1,"120":1,"123":1,"130":1,"131":1,"132":1,"133":1,"134":1,"135":1,"138":1,"143":2,"144":2,"147":1,"154":2,"155":2,"158":1,"165":2,"166":2,"169":1,"176":2,"177":2,"180":1,"187":1,"188":1,"192":1,"193":1}},"/home/travis/build/npmtest/node-npmtest-favicons/lib.npmtest_favicons.js":{"path":"/home/travis/build/npmtest/node-npmtest-favicons/lib.npmtest_favicons.js","s":{"1":2,"2":2,"3":2,"4":2,"5":2,"6":2,"7":2,"8":1,"9":2,"10":2,"11":2,"12":2,"13":1,"14":1,"15":1,"16":1},"b":{"1":[2,1,1,1],"2":[1,1,1,1],"3":[1,1],"4":[2,2],"5":[1,1]},"f":{"1":2,"2":2,"3":2},"fnMap":{"1":{"name":"(anonymous_1)","line":12,"loc":{"start":{"line":12,"column":1},"end":{"line":12,"column":13}}},"2":{"name":"(anonymous_2)","line":19,"loc":{"start":{"line":19,"column":5},"end":{"line":19,"column":17}}},"3":{"name":"(anonymous_3)","line":23,"loc":{"start":{"line":23,"column":24},"end":{"line":23,"column":36}}}},"statementMap":{"1":{"start":{"line":12,"column":0},"end":{"line":53,"column":5}},"2":{"start":{"line":14,"column":4},"end":{"line":14,"column":14}},"3":{"start":{"line":19,"column":4},"end":{"line":52,"column":9}},"4":{"start":{"line":21,"column":8},"end":{"line":21,"column":19}},"5":{"start":{"line":23,"column":8},"end":{"line":35,"column":13}},"6":{"start":{"line":24,"column":12},"end":{"line":34,"column":13}},"7":{"start":{"line":25,"column":16},"end":{"line":28,"column":30}},"8":{"start":{"line":30,"column":16},"end":{"line":33,"column":27}},"9":{"start":{"line":37,"column":8},"end":{"line":39,"column":21}},"10":{"start":{"line":41,"column":8},"end":{"line":41,"column":54}},"11":{"start":{"line":43,"column":8},"end":{"line":43,"column":53}},"12":{"start":{"line":45,"column":8},"end":{"line":51,"column":9}},"13":{"start":{"line":46,"column":12},"end":{"line":46,"column":59}},"14":{"start":{"line":48,"column":12},"end":{"line":48,"column":35}},"15":{"start":{"line":49,"column":12},"end":{"line":49,"column":49}},"16":{"start":{"line":50,"column":12},"end":{"line":50,"column":43}}},"branchMap":{"1":{"line":25,"type":"binary-expr","locations":[{"start":{"line":25,"column":23},"end":{"line":25,"column":62}},{"start":{"line":26,"column":20},"end":{"line":26,"column":70}},{"start":{"line":27,"column":20},"end":{"line":27,"column":71}},{"start":{"line":28,"column":20},"end":{"line":28,"column":29}}]},"2":{"line":30,"type":"binary-expr","locations":[{"start":{"line":30,"column":23},"end":{"line":30,"column":37}},{"start":{"line":31,"column":20},"end":{"line":31,"column":61}},{"start":{"line":32,"column":20},"end":{"line":32,"column":70}},{"start":{"line":33,"column":20},"end":{"line":33,"column":26}}]},"3":{"line":37,"type":"cond-expr","locations":[{"start":{"line":38,"column":14},"end":{"line":38,"column":20}},{"start":{"line":39,"column":14},"end":{"line":39,"column":20}}]},"4":{"line":41,"type":"binary-expr","locations":[{"start":{"line":41,"column":16},"end":{"line":41,"column":44}},{"start":{"line":41,"column":48},"end":{"line":41,"column":53}}]},"5":{"line":45,"type":"if","locations":[{"start":{"line":45,"column":8},"end":{"line":45,"column":8}},{"start":{"line":45,"column":8},"end":{"line":45,"column":8}}]}},"code":["/* istanbul instrument in package npmtest_favicons */","/*jslint","    bitwise: true,","    browser: true,","    maxerr: 8,","    maxlen: 96,","    node: true,","    nomen: true,","    regexp: true,","    stupid: true","*/","(function () {","    'use strict';","    var local;","","","","    // run shared js-env code - pre-init","    (function () {","        // init local","        local = {};","        // init modeJs","        local.modeJs = (function () {","            try {","                return typeof navigator.userAgent === 'string' &&","                    typeof document.querySelector('body') === 'object' &&","                    typeof XMLHttpRequest.prototype.open === 'function' &&","                    'browser';","            } catch (errorCaughtBrowser) {","                return module.exports &&","                    typeof process.versions.node === 'string' &&","                    typeof require('http').createServer === 'function' &&","                    'node';","            }","        }());","        // init global","        local.global = local.modeJs === 'browser'","            ? window","            : global;","        // init utility2_rollup","        local = local.global.utility2_rollup || local;","        // init lib","        local.local = local.npmtest_favicons = local;","        // init exports","        if (local.modeJs === 'browser') {","            local.global.utility2_npmtest_favicons = local;","        } else {","            module.exports = local;","            module.exports.__dirname = __dirname;","            module.exports.module = module;","        }","    }());","}());",""],"l":{"12":2,"14":2,"19":2,"21":2,"23":2,"24":2,"25":2,"30":1,"37":2,"41":2,"43":2,"45":2,"46":1,"48":1,"49":1,"50":1}},"/home/travis/build/npmtest/node-npmtest-favicons/example.js":{"path":"/home/travis/build/npmtest/node-npmtest-favicons/example.js","s":{"1":2,"2":2,"3":2,"4":2,"5":2,"6":2,"7":2,"8":1,"9":2,"10":2,"11":2,"12":2,"13":1,"14":2,"15":2,"16":2,"17":2,"18":2,"19":0,"20":2,"21":1,"22":1,"23":1,"24":1,"25":1,"26":0,"27":0,"28":1,"29":1,"30":2,"31":0,"32":0,"33":0,"34":1,"35":2,"36":2,"37":3,"38":3,"39":3,"40":3,"41":0,"42":3,"43":3,"44":3,"45":1,"46":3,"47":1,"48":1,"49":1,"50":1,"51":1,"52":1,"53":1,"54":1,"55":1,"56":1,"57":0,"58":1,"59":6,"60":6,"61":1,"62":2,"63":0,"64":2,"65":1,"66":1,"67":0,"68":0,"69":0,"70":0,"71":0,"72":0,"73":0,"74":0,"75":0,"76":0,"77":0,"78":0,"79":0,"80":0,"81":0,"82":0,"83":0},"b":{"1":[2,1,1,1],"2":[1,1,1,1],"3":[1,1],"4":[2,2],"5":[1,1],"6":[1,1],"7":[2,0],"8":[2,1,1,1,1,1],"9":[0,2,0],"10":[1,1],"11":[2,1,1],"12":[1,0],"13":[0,2],"14":[2,0,0,0,0,0,0],"15":[0,3],"16":[3,0],"17":[1,1],"18":[0,1],"19":[1,2,0,2],"20":[1,0],"21":[1,1],"22":[0,0],"23":[0,0],"24":[0,0],"25":[0,0],"26":[0,0],"27":[0,0],"28":[0,0]},"f":{"1":2,"2":2,"3":2,"4":2,"5":2,"6":2,"7":3,"8":3,"9":3,"10":1,"11":6,"12":0},"fnMap":{"1":{"name":"(anonymous_1)","line":26,"loc":{"start":{"line":26,"column":1},"end":{"line":26,"column":13}}},"2":{"name":"(anonymous_2)","line":33,"loc":{"start":{"line":33,"column":5},"end":{"line":33,"column":17}}},"3":{"name":"(anonymous_3)","line":37,"loc":{"start":{"line":37,"column":24},"end":{"line":37,"column":36}}},"4":{"name":"(anonymous_4)","line":69,"loc":{"start":{"line":69,"column":31},"end":{"line":69,"column":48}},"skip":true},"5":{"name":"(anonymous_5)","line":78,"loc":{"start":{"line":78,"column":26},"end":{"line":78,"column":45}},"skip":true},"6":{"name":"(anonymous_6)","line":123,"loc":{"start":{"line":123,"column":33},"end":{"line":123,"column":48}},"skip":true},"7":{"name":"(anonymous_7)","line":125,"loc":{"start":{"line":125,"column":27},"end":{"line":125,"column":39}},"skip":true},"8":{"name":"(anonymous_8)","line":133,"loc":{"start":{"line":133,"column":59},"end":{"line":133,"column":74}},"skip":true},"9":{"name":"(anonymous_9)","line":143,"loc":{"start":{"line":143,"column":45},"end":{"line":143,"column":62}},"skip":true},"10":{"name":"(anonymous_10)","line":144,"loc":{"start":{"line":144,"column":73},"end":{"line":144,"column":92}},"skip":true},"11":{"name":"(anonymous_11)","line":272,"loc":{"start":{"line":272,"column":51},"end":{"line":272,"column":77}},"skip":true},"12":{"name":"(anonymous_12)","line":315,"loc":{"start":{"line":315,"column":32},"end":{"line":315,"column":61}},"skip":true}},"statementMap":{"1":{"start":{"line":26,"column":0},"end":{"line":326,"column":5}},"2":{"start":{"line":28,"column":4},"end":{"line":28,"column":14}},"3":{"start":{"line":33,"column":4},"end":{"line":60,"column":9}},"4":{"start":{"line":35,"column":8},"end":{"line":35,"column":19}},"5":{"start":{"line":37,"column":8},"end":{"line":49,"column":13}},"6":{"start":{"line":38,"column":12},"end":{"line":48,"column":13}},"7":{"start":{"line":39,"column":16},"end":{"line":42,"column":30}},"8":{"start":{"line":44,"column":16},"end":{"line":47,"column":27}},"9":{"start":{"line":51,"column":8},"end":{"line":53,"column":21}},"10":{"start":{"line":55,"column":8},"end":{"line":57,"column":45}},"11":{"start":{"line":59,"column":8},"end":{"line":59,"column":35}},"12":{"start":{"line":61,"column":4},"end":{"line":325,"column":5}},"13":{"start":{"line":69,"column":8},"end":{"line":121,"column":10},"skip":true},"14":{"start":{"line":70,"column":12},"end":{"line":88,"column":13},"skip":true},"15":{"start":{"line":76,"column":16},"end":{"line":87,"column":19},"skip":true},"16":{"start":{"line":79,"column":20},"end":{"line":86,"column":21},"skip":true},"17":{"start":{"line":82,"column":24},"end":{"line":82,"column":43},"skip":true},"18":{"start":{"line":83,"column":24},"end":{"line":83,"column":30},"skip":true},"19":{"start":{"line":85,"column":24},"end":{"line":85,"column":49},"skip":true},"20":{"start":{"line":89,"column":12},"end":{"line":107,"column":13},"skip":true},"21":{"start":{"line":92,"column":16},"end":{"line":102,"column":17},"skip":true},"22":{"start":{"line":93,"column":20},"end":{"line":93,"column":86},"skip":true},"23":{"start":{"line":94,"column":20},"end":{"line":95,"column":45},"skip":true},"24":{"start":{"line":96,"column":20},"end":{"line":96,"column":42},"skip":true},"25":{"start":{"line":97,"column":20},"end":{"line":97,"column":48},"skip":true},"26":{"start":{"line":100,"column":20},"end":{"line":100,"column":85},"skip":true},"27":{"start":{"line":101,"column":20},"end":{"line":101,"column":96},"skip":true},"28":{"start":{"line":103,"column":16},"end":{"line":103,"column":22},"skip":true},"29":{"start":{"line":106,"column":16},"end":{"line":106,"column":22},"skip":true},"30":{"start":{"line":108,"column":12},"end":{"line":120,"column":13},"skip":true},"31":{"start":{"line":114,"column":16},"end":{"line":119,"column":17},"skip":true},"32":{"start":{"line":116,"column":20},"end":{"line":116,"column":78},"skip":true},"33":{"start":{"line":118,"column":20},"end":{"line":118,"column":47},"skip":true},"34":{"start":{"line":123,"column":8},"end":{"line":141,"column":11},"skip":true},"35":{"start":{"line":124,"column":12},"end":{"line":124,"column":54},"skip":true},"36":{"start":{"line":125,"column":12},"end":{"line":140,"column":14},"skip":true},"37":{"start":{"line":126,"column":16},"end":{"line":126,"column":28},"skip":true},"38":{"start":{"line":127,"column":16},"end":{"line":127,"column":69},"skip":true},"39":{"start":{"line":128,"column":16},"end":{"line":128,"column":75},"skip":true},"40":{"start":{"line":129,"column":16},"end":{"line":131,"column":17},"skip":true},"41":{"start":{"line":130,"column":20},"end":{"line":130,"column":27},"skip":true},"42":{"start":{"line":133,"column":16},"end":{"line":137,"column":36},"skip":true},"43":{"start":{"line":134,"column":20},"end":{"line":136,"column":55},"skip":true},"44":{"start":{"line":139,"column":16},"end":{"line":139,"column":57},"skip":true},"45":{"start":{"line":143,"column":8},"end":{"line":147,"column":11},"skip":true},"46":{"start":{"line":144,"column":12},"end":{"line":146,"column":15},"skip":true},"47":{"start":{"line":145,"column":16},"end":{"line":145,"column":70},"skip":true},"48":{"start":{"line":149,"column":8},"end":{"line":149,"column":31},"skip":true},"49":{"start":{"line":150,"column":8},"end":{"line":150,"column":14},"skip":true},"50":{"start":{"line":158,"column":8},"end":{"line":158,"column":31},"skip":true},"51":{"start":{"line":160,"column":8},"end":{"line":160,"column":33},"skip":true},"52":{"start":{"line":161,"column":8},"end":{"line":161,"column":37},"skip":true},"53":{"start":{"line":162,"column":8},"end":{"line":162,"column":35},"skip":true},"54":{"start":{"line":164,"column":8},"end":{"line":164,"column":50},"skip":true},"55":{"start":{"line":166,"column":8},"end":{"line":256,"column":2},"skip":true},"56":{"start":{"line":258,"column":8},"end":{"line":286,"column":9},"skip":true},"57":{"start":{"line":259,"column":12},"end":{"line":269,"column":14},"skip":true},"58":{"start":{"line":271,"column":12},"end":{"line":285,"column":19},"skip":true},"59":{"start":{"line":274,"column":20},"end":{"line":274,"column":35},"skip":true},"60":{"start":{"line":275,"column":20},"end":{"line":284,"column":21},"skip":true},"61":{"start":{"line":277,"column":24},"end":{"line":277,"column":64},"skip":true},"62":{"start":{"line":279,"column":24},"end":{"line":279,"column":40},"skip":true},"63":{"start":{"line":281,"column":24},"end":{"line":281,"column":40},"skip":true},"64":{"start":{"line":283,"column":24},"end":{"line":283,"column":39},"skip":true},"65":{"start":{"line":288,"column":8},"end":{"line":290,"column":9},"skip":true},"66":{"start":{"line":289,"column":12},"end":{"line":289,"column":18},"skip":true},"67":{"start":{"line":291,"column":8},"end":{"line":293,"column":54},"skip":true},"68":{"start":{"line":296,"column":8},"end":{"line":301,"column":37},"skip":true},"69":{"start":{"line":303,"column":8},"end":{"line":303,"column":82},"skip":true},"70":{"start":{"line":306,"column":8},"end":{"line":308,"column":9},"skip":true},"71":{"start":{"line":307,"column":12},"end":{"line":307,"column":82},"skip":true},"72":{"start":{"line":310,"column":8},"end":{"line":312,"column":9},"skip":true},"73":{"start":{"line":311,"column":12},"end":{"line":311,"column":18},"skip":true},"74":{"start":{"line":313,"column":8},"end":{"line":313,"column":54},"skip":true},"75":{"start":{"line":314,"column":8},"end":{"line":314,"column":69},"skip":true},"76":{"start":{"line":315,"column":8},"end":{"line":323,"column":36},"skip":true},"77":{"start":{"line":316,"column":12},"end":{"line":316,"column":61},"skip":true},"78":{"start":{"line":317,"column":12},"end":{"line":320,"column":13},"skip":true},"79":{"start":{"line":318,"column":16},"end":{"line":318,"column":75},"skip":true},"80":{"start":{"line":319,"column":16},"end":{"line":319,"column":23},"skip":true},"81":{"start":{"line":321,"column":12},"end":{"line":321,"column":38},"skip":true},"82":{"start":{"line":322,"column":12},"end":{"line":322,"column":27},"skip":true},"83":{"start":{"line":324,"column":8},"end":{"line":324,"column":14},"skip":true}},"branchMap":{"1":{"line":39,"type":"binary-expr","locations":[{"start":{"line":39,"column":23},"end":{"line":39,"column":62}},{"start":{"line":40,"column":20},"end":{"line":40,"column":70}},{"start":{"line":41,"column":20},"end":{"line":41,"column":71}},{"start":{"line":42,"column":20},"end":{"line":42,"column":29}}]},"2":{"line":44,"type":"binary-expr","locations":[{"start":{"line":44,"column":23},"end":{"line":44,"column":37}},{"start":{"line":45,"column":20},"end":{"line":45,"column":61}},{"start":{"line":46,"column":20},"end":{"line":46,"column":70}},{"start":{"line":47,"column":20},"end":{"line":47,"column":26}}]},"3":{"line":51,"type":"cond-expr","locations":[{"start":{"line":52,"column":14},"end":{"line":52,"column":20}},{"start":{"line":53,"column":14},"end":{"line":53,"column":20}}]},"4":{"line":55,"type":"binary-expr","locations":[{"start":{"line":55,"column":16},"end":{"line":55,"column":44}},{"start":{"line":55,"column":49},"end":{"line":57,"column":43}}]},"5":{"line":55,"type":"cond-expr","locations":[{"start":{"line":56,"column":14},"end":{"line":56,"column":52}},{"start":{"line":57,"column":14},"end":{"line":57,"column":43}}]},"6":{"line":61,"type":"switch","locations":[{"start":{"line":68,"column":4},"end":{"line":150,"column":14},"skip":true},{"start":{"line":156,"column":4},"end":{"line":324,"column":14},"skip":true}]},"7":{"line":70,"type":"if","locations":[{"start":{"line":70,"column":12},"end":{"line":70,"column":12},"skip":true},{"start":{"line":70,"column":12},"end":{"line":70,"column":12},"skip":true}]},"8":{"line":70,"type":"binary-expr","locations":[{"start":{"line":70,"column":16},"end":{"line":70,"column":22},"skip":true},{"start":{"line":70,"column":27},"end":{"line":70,"column":32},"skip":true},{"start":{"line":71,"column":20},"end":{"line":71,"column":39},"skip":true},{"start":{"line":72,"column":20},"end":{"line":72,"column":49},"skip":true},{"start":{"line":73,"column":20},"end":{"line":73,"column":58},"skip":true},{"start":{"line":74,"column":20},"end":{"line":74,"column":69},"skip":true}]},"9":{"line":79,"type":"switch","locations":[{"start":{"line":80,"column":20},"end":{"line":80,"column":33},"skip":true},{"start":{"line":81,"column":20},"end":{"line":83,"column":30},"skip":true},{"start":{"line":84,"column":20},"end":{"line":85,"column":49},"skip":true}]},"10":{"line":89,"type":"switch","locations":[{"start":{"line":90,"column":12},"end":{"line":103,"column":22},"skip":true},{"start":{"line":105,"column":12},"end":{"line":106,"column":22},"skip":true}]},"11":{"line":89,"type":"binary-expr","locations":[{"start":{"line":89,"column":20},"end":{"line":89,"column":25},"skip":true},{"start":{"line":89,"column":29},"end":{"line":89,"column":48},"skip":true},{"start":{"line":89,"column":52},"end":{"line":89,"column":74},"skip":true}]},"12":{"line":92,"type":"if","locations":[{"start":{"line":92,"column":16},"end":{"line":92,"column":16},"skip":true},{"start":{"line":92,"column":16},"end":{"line":92,"column":16},"skip":true}]},"13":{"line":108,"type":"if","locations":[{"start":{"line":108,"column":12},"end":{"line":108,"column":12},"skip":true},{"start":{"line":108,"column":12},"end":{"line":108,"column":12},"skip":true}]},"14":{"line":108,"type":"binary-expr","locations":[{"start":{"line":108,"column":16},"end":{"line":108,"column":61},"skip":true},{"start":{"line":108,"column":66},"end":{"line":108,"column":72},"skip":true},{"start":{"line":108,"column":77},"end":{"line":108,"column":82},"skip":true},{"start":{"line":109,"column":20},"end":{"line":109,"column":39},"skip":true},{"start":{"line":110,"column":20},"end":{"line":110,"column":49},"skip":true},{"start":{"line":111,"column":20},"end":{"line":111,"column":58},"skip":true},{"start":{"line":112,"column":20},"end":{"line":112,"column":68},"skip":true}]},"15":{"line":129,"type":"if","locations":[{"start":{"line":129,"column":16},"end":{"line":129,"column":16},"skip":true},{"start":{"line":129,"column":16},"end":{"line":129,"column":16},"skip":true}]},"16":{"line":134,"type":"cond-expr","locations":[{"start":{"line":135,"column":26},"end":{"line":135,"column":29},"skip":true},{"start":{"line":136,"column":26},"end":{"line":136,"column":54},"skip":true}]},"17":{"line":164,"type":"binary-expr","locations":[{"start":{"line":164,"column":27},"end":{"line":164,"column":43},"skip":true},{"start":{"line":164,"column":47},"end":{"line":164,"column":49},"skip":true}]},"18":{"line":258,"type":"if","locations":[{"start":{"line":258,"column":8},"end":{"line":258,"column":8},"skip":true},{"start":{"line":258,"column":8},"end":{"line":258,"column":8},"skip":true}]},"19":{"line":275,"type":"switch","locations":[{"start":{"line":276,"column":20},"end":{"line":277,"column":64},"skip":true},{"start":{"line":278,"column":20},"end":{"line":279,"column":40},"skip":true},{"start":{"line":280,"column":20},"end":{"line":281,"column":40},"skip":true},{"start":{"line":282,"column":20},"end":{"line":283,"column":39},"skip":true}]},"20":{"line":288,"type":"if","locations":[{"start":{"line":288,"column":8},"end":{"line":288,"column":8},"skip":true},{"start":{"line":288,"column":8},"end":{"line":288,"column":8},"skip":true}]},"21":{"line":288,"type":"binary-expr","locations":[{"start":{"line":288,"column":12},"end":{"line":288,"column":40},"skip":true},{"start":{"line":288,"column":44},"end":{"line":288,"column":67},"skip":true}]},"22":{"line":292,"type":"binary-expr","locations":[{"start":{"line":292,"column":12},"end":{"line":292,"column":50},"skip":true},{"start":{"line":293,"column":12},"end":{"line":293,"column":53},"skip":true}]},"23":{"line":297,"type":"binary-expr","locations":[{"start":{"line":297,"column":12},"end":{"line":297,"column":66},"skip":true},{"start":{"line":298,"column":12},"end":{"line":301,"column":36},"skip":true}]},"24":{"line":303,"type":"binary-expr","locations":[{"start":{"line":303,"column":43},"end":{"line":303,"column":75},"skip":true},{"start":{"line":303,"column":79},"end":{"line":303,"column":81},"skip":true}]},"25":{"line":306,"type":"if","locations":[{"start":{"line":306,"column":8},"end":{"line":306,"column":8},"skip":true},{"start":{"line":306,"column":8},"end":{"line":306,"column":8},"skip":true}]},"26":{"line":310,"type":"if","locations":[{"start":{"line":310,"column":8},"end":{"line":310,"column":8},"skip":true},{"start":{"line":310,"column":8},"end":{"line":310,"column":8},"skip":true}]},"27":{"line":313,"type":"binary-expr","locations":[{"start":{"line":313,"column":27},"end":{"line":313,"column":43},"skip":true},{"start":{"line":313,"column":47},"end":{"line":313,"column":53},"skip":true}]},"28":{"line":317,"type":"if","locations":[{"start":{"line":317,"column":12},"end":{"line":317,"column":12},"skip":true},{"start":{"line":317,"column":12},"end":{"line":317,"column":12},"skip":true}]}},"code":["/*","example.js","","quickstart example","","instruction","    1. save this script as example.js","    2. run the shell command:","        $ npm install npmtest-favicons && PORT=8081 node example.js","    3. play with the browser-demo on http://127.0.0.1:8081","*/","","","","/* istanbul instrument in package npmtest_favicons */","/*jslint","    bitwise: true,","    browser: true,","    maxerr: 8,","    maxlen: 96,","    node: true,","    nomen: true,","    regexp: true,","    stupid: true","*/","(function () {","    'use strict';","    var local;","","","","    // run shared js-env code - pre-init","    (function () {","        // init local","        local = {};","        // init modeJs","        local.modeJs = (function () {","            try {","                return typeof navigator.userAgent === 'string' &&","                    typeof document.querySelector('body') === 'object' &&","                    typeof XMLHttpRequest.prototype.open === 'function' &&","                    'browser';","            } catch (errorCaughtBrowser) {","                return module.exports &&","                    typeof process.versions.node === 'string' &&","                    typeof require('http').createServer === 'function' &&","                    'node';","            }","        }());","        // init global","        local.global = local.modeJs === 'browser'","            ? window","            : global;","        // init utility2_rollup","        local = local.global.utility2_rollup || (local.modeJs === 'browser'","            ? local.global.utility2_npmtest_favicons","            : global.utility2_moduleExports);","        // export local","        local.global.local = local;","    }());","    switch (local.modeJs) {","","","","    // post-init","    // run browser js-env code - post-init","    /* istanbul ignore next */","    case 'browser':","        local.testRunBrowser = function (event) {","            if (!event || (event &&","                    event.currentTarget &&","                    event.currentTarget.className &&","                    event.currentTarget.className.includes &&","                    event.currentTarget.className.includes('onreset'))) {","                // reset output","                Array.from(","                    document.querySelectorAll('body > .resettable')","                ).forEach(function (element) {","                    switch (element.tagName) {","                    case 'INPUT':","                    case 'TEXTAREA':","                        element.value = '';","                        break;","                    default:","                        element.textContent = '';","                    }","                });","            }","            switch (event && event.currentTarget && event.currentTarget.id) {","            case 'testRunButton1':","                // show tests","                if (document.querySelector('#testReportDiv1').style.display === 'none') {","                    document.querySelector('#testReportDiv1').style.display = 'block';","                    document.querySelector('#testRunButton1').textContent =","                        'hide internal test';","                    local.modeTest = true;","                    local.testRunDefault(local);","                // hide tests","                } else {","                    document.querySelector('#testReportDiv1').style.display = 'none';","                    document.querySelector('#testRunButton1').textContent = 'run internal test';","                }","                break;","            // custom-case","            default:","                break;","            }","            if (document.querySelector('#inputTextareaEval1') && (!event || (event &&","                    event.currentTarget &&","                    event.currentTarget.className &&","                    event.currentTarget.className.includes &&","                    event.currentTarget.className.includes('oneval')))) {","                // try to eval input-code","                try {","                    /*jslint evil: true*/","                    eval(document.querySelector('#inputTextareaEval1').value);","                } catch (errorCaught) {","                    console.error(errorCaught);","                }","            }","        };","        // log stderr and stdout to #outputTextareaStdout1","        ['error', 'log'].forEach(function (key) {","            console[key + '_original'] = console[key];","            console[key] = function () {","                var element;","                console[key + '_original'].apply(console, arguments);","                element = document.querySelector('#outputTextareaStdout1');","                if (!element) {","                    return;","                }","                // append text to #outputTextareaStdout1","                element.value += Array.from(arguments).map(function (arg) {","                    return typeof arg === 'string'","                        ? arg","                        : JSON.stringify(arg, null, 4);","                }).join(' ') + '\\n';","                // scroll textarea to bottom","                element.scrollTop = element.scrollHeight;","            };","        });","        // init event-handling","        ['change', 'click', 'keyup'].forEach(function (event) {","            Array.from(document.querySelectorAll('.on' + event)).forEach(function (element) {","                element.addEventListener(event, local.testRunBrowser);","            });","        });","        // run tests","        local.testRunBrowser();","        break;","","","","    // run node js-env code - post-init","    /* istanbul ignore next */","    case 'node':","        // export local","        module.exports = local;","        // require modules","        local.fs = require('fs');","        local.http = require('http');","        local.url = require('url');","        // init assets","        local.assetsDict = local.assetsDict || {};","        /* jslint-ignore-begin */","        local.assetsDict['/assets.index.template.html'] = '\\","<!doctype html>\\n\\","<html lang=\"en\">\\n\\","<head>\\n\\","<meta charset=\"UTF-8\">\\n\\","<meta name=\"viewport\" content=\"width=device-width, initial-scale=1\">\\n\\","<title>{{env.npm_package_name}} (v{{env.npm_package_version}})</title>\\n\\","<style>\\n\\","/*csslint\\n\\","    box-sizing: false,\\n\\","    universal-selector: false\\n\\","*/\\n\\","* {\\n\\","    box-sizing: border-box;\\n\\","}\\n\\","body {\\n\\","    background: #dde;\\n\\","    font-family: Arial, Helvetica, sans-serif;\\n\\","    margin: 2rem;\\n\\","}\\n\\","body > * {\\n\\","    margin-bottom: 1rem;\\n\\","}\\n\\",".utility2FooterDiv {\\n\\","    margin-top: 20px;\\n\\","    text-align: center;\\n\\","}\\n\\","</style>\\n\\","<style>\\n\\","/*csslint\\n\\","*/\\n\\","textarea {\\n\\","    font-family: monospace;\\n\\","    height: 10rem;\\n\\","    width: 100%;\\n\\","}\\n\\","textarea[readonly] {\\n\\","    background: #ddd;\\n\\","}\\n\\","</style>\\n\\","</head>\\n\\","<body>\\n\\","<!-- utility2-comment\\n\\","<div id=\"ajaxProgressDiv1\" style=\"background: #d00; height: 2px; left: 0; margin: 0; padding: 0; position: fixed; top: 0; transition: background 0.5s, width 1.5s; width: 25%;\"></div>\\n\\","utility2-comment -->\\n\\","<h1>\\n\\","<!-- utility2-comment\\n\\","    <a\\n\\","        {{#if env.npm_package_homepage}}\\n\\","        href=\"{{env.npm_package_homepage}}\"\\n\\","        {{/if env.npm_package_homepage}}\\n\\","        target=\"_blank\"\\n\\","    >\\n\\","utility2-comment -->\\n\\","        {{env.npm_package_name}} (v{{env.npm_package_version}})\\n\\","<!-- utility2-comment\\n\\","    </a>\\n\\","utility2-comment -->\\n\\","</h1>\\n\\","<h3>{{env.npm_package_description}}</h3>\\n\\","<!-- utility2-comment\\n\\","<h4><a download href=\"assets.app.js\">download standalone app</a></h4>\\n\\","<button class=\"onclick onreset\" id=\"testRunButton1\">run internal test</button><br>\\n\\","<div id=\"testReportDiv1\" style=\"display: none;\"></div>\\n\\","utility2-comment -->\\n\\","\\n\\","\\n\\","\\n\\","<label>stderr and stdout</label>\\n\\","<textarea class=\"resettable\" id=\"outputTextareaStdout1\" readonly></textarea>\\n\\","<!-- utility2-comment\\n\\","{{#if isRollup}}\\n\\","<script src=\"assets.app.js\"></script>\\n\\","{{#unless isRollup}}\\n\\","utility2-comment -->\\n\\","<script src=\"assets.utility2.rollup.js\"></script>\\n\\","<script src=\"jsonp.utility2._stateInit?callback=window.utility2._stateInit\"></script>\\n\\","<script src=\"assets.npmtest_favicons.rollup.js\"></script>\\n\\","<script src=\"assets.example.js\"></script>\\n\\","<script src=\"assets.test.js\"></script>\\n\\","<!-- utility2-comment\\n\\","{{/if isRollup}}\\n\\","utility2-comment -->\\n\\","<div class=\"utility2FooterDiv\">\\n\\","    [ this app was created with\\n\\","    <a href=\"https://github.com/kaizhu256/node-utility2\" target=\"_blank\">utility2</a>\\n\\","    ]\\n\\","</div>\\n\\","</body>\\n\\","</html>\\n\\","';","        /* jslint-ignore-end */","        if (local.templateRender) {","            local.assetsDict['/'] = local.templateRender(","                local.assetsDict['/assets.index.template.html'],","                {","                    env: local.objectSetDefault(local.env, {","                        npm_package_description: 'the greatest app in the world!',","                        npm_package_name: 'my-app',","                        npm_package_nameAlias: 'my_app',","                        npm_package_version: '0.0.1'","                    })","                }","            );","        } else {","            local.assetsDict['/'] = local.assetsDict['/assets.index.template.html']","                .replace((/\\{\\{env\\.(\\w+?)\\}\\}/g), function (match0, match1) {","                    // jslint-hack","                    String(match0);","                    switch (match1) {","                    case 'npm_package_description':","                        return 'the greatest app in the world!';","                    case 'npm_package_name':","                        return 'my-app';","                    case 'npm_package_nameAlias':","                        return 'my_app';","                    case 'npm_package_version':","                        return '0.0.1';","                    }","                });","        }","        // run the cli","        if (local.global.utility2_rollup || module !== require.main) {","            break;","        }","        local.assetsDict['/assets.example.js'] =","            local.assetsDict['/assets.example.js'] ||","            local.fs.readFileSync(__filename, 'utf8');","        // bug-workaround - long $npm_package_buildCustomOrg","        /* jslint-ignore-begin */","        local.assetsDict['/assets.npmtest_favicons.rollup.js'] =","            local.assetsDict['/assets.npmtest_favicons.rollup.js'] ||","            local.fs.readFileSync(","                local.npmtest_favicons.__dirname + '/lib.npmtest_favicons.js',","                'utf8'","            ).replace((/^#!/), '//');","        /* jslint-ignore-end */","        local.assetsDict['/favicon.ico'] = local.assetsDict['/favicon.ico'] || '';","        // if $npm_config_timeout_exit exists,","        // then exit this process after $npm_config_timeout_exit ms","        if (Number(process.env.npm_config_timeout_exit)) {","            setTimeout(process.exit, Number(process.env.npm_config_timeout_exit));","        }","        // start server","        if (local.global.utility2_serverHttp1) {","            break;","        }","        process.env.PORT = process.env.PORT || '8081';","        console.error('server starting on port ' + process.env.PORT);","        local.http.createServer(function (request, response) {","            request.urlParsed = local.url.parse(request.url);","            if (local.assetsDict[request.urlParsed.pathname] !== undefined) {","                response.end(local.assetsDict[request.urlParsed.pathname]);","                return;","            }","            response.statusCode = 404;","            response.end();","        }).listen(process.env.PORT);","        break;","    }","}());",""],"l":{"26":2,"28":2,"33":2,"35":2,"37":2,"38":2,"39":2,"44":1,"51":2,"55":2,"59":2,"61":2,"69":1,"70":2,"76":2,"79":2,"82":2,"83":2,"85":1,"89":2,"92":1,"93":1,"94":1,"96":1,"97":1,"100":1,"101":1,"103":1,"106":1,"108":2,"114":1,"116":1,"118":1,"123":1,"124":2,"125":2,"126":3,"127":3,"128":3,"129":3,"130":1,"133":3,"134":3,"139":3,"143":1,"144":3,"145":1,"149":1,"150":1,"158":1,"160":1,"161":1,"162":1,"164":1,"166":1,"258":1,"259":1,"271":1,"274":6,"275":6,"277":1,"279":2,"281":1,"283":2,"288":1,"289":1,"291":1,"296":1,"303":1,"306":1,"307":1,"310":1,"311":1,"313":1,"314":1,"315":1,"316":1,"317":1,"318":1,"319":1,"321":1,"322":1,"324":1}},"/home/travis/build/npmtest/node-npmtest-favicons/node_modules/favicons/index.js":{"path":"/home/travis/build/npmtest/node-npmtest-favicons/node_modules/favicons/index.js","s":{"1":1,"2":1,"3":1,"4":1,"5":1,"6":0,"7":1,"8":0,"9":0,"10":0,"11":0,"12":0,"13":0,"14":0,"15":0,"16":0,"17":0,"18":0,"19":0,"20":0,"21":0,"22":0,"23":0,"24":0,"25":0,"26":0,"27":0,"28":0,"29":0,"30":0,"31":1,"32":0,"33":0,"34":0,"35":0,"36":0,"37":1,"38":0,"39":0,"40":0,"41":0,"42":0,"43":1,"44":0,"45":0,"46":0,"47":0,"48":0,"49":1,"50":0,"51":0,"52":0,"53":0,"54":0,"55":1,"56":0,"57":0,"58":0,"59":0,"60":0,"61":0,"62":0,"63":0,"64":0,"65":0,"66":0,"67":1,"68":0,"69":0,"70":0,"71":0,"72":0,"73":1,"74":0,"75":0,"76":0,"77":0,"78":0,"79":0,"80":0,"81":1,"82":0,"83":0,"84":0,"85":0,"86":0,"87":0,"88":0,"89":0,"90":0,"91":0,"92":1,"93":0,"94":1,"95":0,"96":0,"97":0,"98":0,"99":0,"100":0,"101":0,"102":0,"103":0,"104":0,"105":0,"106":0,"107":0,"108":0,"109":0,"110":0,"111":0,"112":0,"113":0,"114":0,"115":0,"116":0,"117":0,"118":1,"119":1,"120":1},"b":{"1":[0,0],"2":[0,0],"3":[0,0],"4":[0,0],"5":[0,0],"6":[0,0],"7":[0,0],"8":[0,0],"9":[0,0,0],"10":[0,0],"11":[0,0],"12":[0,0],"13":[0,0],"14":[0,0],"15":[0,0],"16":[0,0],"17":[0,0],"18":[0,0],"19":[0,0],"20":[0,0],"21":[0,0]},"f":{"1":0,"2":0,"3":0,"4":0,"5":0,"6":0,"7":0,"8":0,"9":0,"10":0,"11":0,"12":0,"13":0},"fnMap":{"1":{"name":"favicons","line":17,"loc":{"start":{"line":17,"column":4},"end":{"line":17,"column":49}}},"2":{"name":"createFavicon","line":24,"loc":{"start":{"line":24,"column":8},"end":{"line":24,"column":88}}},"3":{"name":"createHTML","line":75,"loc":{"start":{"line":75,"column":8},"end":{"line":75,"column":49}}},"4":{"name":"createFiles","line":85,"loc":{"start":{"line":85,"column":8},"end":{"line":85,"column":50}}},"5":{"name":"createFavicons","line":95,"loc":{"start":{"line":95,"column":8},"end":{"line":95,"column":81}}},"6":{"name":"createPlatform","line":105,"loc":{"start":{"line":105,"column":8},"end":{"line":105,"column":81}}},"7":{"name":"createOffline","line":117,"loc":{"start":{"line":117,"column":8},"end":{"line":117,"column":53}}},"8":{"name":"unpack","line":137,"loc":{"start":{"line":137,"column":8},"end":{"line":137,"column":41}}},"9":{"name":"createOnline","line":147,"loc":{"start":{"line":147,"column":8},"end":{"line":147,"column":52}}},"10":{"name":"create","line":164,"loc":{"start":{"line":164,"column":8},"end":{"line":164,"column":46}}},"11":{"name":"stream","line":191,"loc":{"start":{"line":191,"column":4},"end":{"line":191,"column":41}}},"12":{"name":"processDocuments","line":196,"loc":{"start":{"line":196,"column":8},"end":{"line":196,"column":62}}},"13":{"name":"(anonymous_13)","line":204,"loc":{"start":{"line":204,"column":28},"end":{"line":204,"column":64}}}},"statementMap":{"1":{"start":{"line":1,"column":0},"end":{"line":9,"column":30}},"2":{"start":{"line":11,"column":0},"end":{"line":246,"column":5}},"3":{"start":{"line":13,"column":4},"end":{"line":13,"column":17}},"4":{"start":{"line":15,"column":4},"end":{"line":15,"column":36}},"5":{"start":{"line":17,"column":4},"end":{"line":189,"column":5}},"6":{"start":{"line":19,"column":8},"end":{"line":22,"column":66}},"7":{"start":{"line":24,"column":8},"end":{"line":73,"column":9}},"8":{"start":{"line":25,"column":12},"end":{"line":71,"column":13}},"9":{"start":{"line":26,"column":16},"end":{"line":49,"column":18}},"10":{"start":{"line":29,"column":24},"end":{"line":29,"column":64}},"11":{"start":{"line":31,"column":24},"end":{"line":31,"column":67}},"12":{"start":{"line":32,"column":24},"end":{"line":32,"column":69}},"13":{"start":{"line":34,"column":24},"end":{"line":34,"column":107}},"14":{"start":{"line":36,"column":24},"end":{"line":36,"column":95}},"15":{"start":{"line":39,"column":24},"end":{"line":41,"column":25}},"16":{"start":{"line":40,"column":28},"end":{"line":40,"column":51}},"17":{"start":{"line":43,"column":24},"end":{"line":43,"column":83}},"18":{"start":{"line":43,"column":64},"end":{"line":43,"column":81}},"19":{"start":{"line":45,"column":24},"end":{"line":47,"column":45}},"20":{"start":{"line":46,"column":46},"end":{"line":46,"column":88}},"21":{"start":{"line":51,"column":16},"end":{"line":52,"column":85}},"22":{"start":{"line":54,"column":16},"end":{"line":70,"column":65}},"23":{"start":{"line":56,"column":24},"end":{"line":56,"column":75}},"24":{"start":{"line":58,"column":24},"end":{"line":58,"column":55}},"25":{"start":{"line":60,"column":24},"end":{"line":60,"column":71}},"26":{"start":{"line":62,"column":24},"end":{"line":63,"column":61}},"27":{"start":{"line":63,"column":28},"end":{"line":63,"column":60}},"28":{"start":{"line":65,"column":24},"end":{"line":65,"column":98}},"29":{"start":{"line":67,"column":24},"end":{"line":67,"column":58}},"30":{"start":{"line":70,"column":20},"end":{"line":70,"column":63}},"31":{"start":{"line":75,"column":8},"end":{"line":83,"column":9}},"32":{"start":{"line":76,"column":12},"end":{"line":76,"column":28}},"33":{"start":{"line":78,"column":12},"end":{"line":82,"column":39}},"34":{"start":{"line":79,"column":16},"end":{"line":80,"column":53}},"35":{"start":{"line":80,"column":20},"end":{"line":80,"column":52}},"36":{"start":{"line":82,"column":16},"end":{"line":82,"column":37}},"37":{"start":{"line":85,"column":8},"end":{"line":93,"column":9}},"38":{"start":{"line":86,"column":12},"end":{"line":86,"column":29}},"39":{"start":{"line":88,"column":12},"end":{"line":92,"column":40}},"40":{"start":{"line":89,"column":16},"end":{"line":90,"column":50}},"41":{"start":{"line":90,"column":20},"end":{"line":90,"column":49}},"42":{"start":{"line":92,"column":16},"end":{"line":92,"column":38}},"43":{"start":{"line":95,"column":8},"end":{"line":103,"column":9}},"44":{"start":{"line":96,"column":12},"end":{"line":96,"column":30}},"45":{"start":{"line":98,"column":12},"end":{"line":102,"column":41}},"46":{"start":{"line":99,"column":16},"end":{"line":100,"column":52}},"47":{"start":{"line":100,"column":20},"end":{"line":100,"column":51}},"48":{"start":{"line":102,"column":16},"end":{"line":102,"column":39}},"49":{"start":{"line":105,"column":8},"end":{"line":115,"column":9}},"50":{"start":{"line":106,"column":12},"end":{"line":114,"column":69}},"51":{"start":{"line":108,"column":20},"end":{"line":108,"column":76}},"52":{"start":{"line":110,"column":20},"end":{"line":110,"column":45}},"53":{"start":{"line":112,"column":20},"end":{"line":112,"column":44}},"54":{"start":{"line":114,"column":16},"end":{"line":114,"column":67}},"55":{"start":{"line":117,"column":8},"end":{"line":135,"column":9}},"56":{"start":{"line":118,"column":12},"end":{"line":118,"column":65}},"57":{"start":{"line":120,"column":12},"end":{"line":134,"column":43}},"58":{"start":{"line":121,"column":16},"end":{"line":121,"column":92}},"59":{"start":{"line":123,"column":16},"end":{"line":132,"column":17}},"60":{"start":{"line":124,"column":20},"end":{"line":129,"column":23}},"61":{"start":{"line":125,"column":24},"end":{"line":125,"column":73}},"62":{"start":{"line":126,"column":24},"end":{"line":126,"column":70}},"63":{"start":{"line":127,"column":24},"end":{"line":127,"column":67}},"64":{"start":{"line":128,"column":24},"end":{"line":128,"column":34}},"65":{"start":{"line":131,"column":20},"end":{"line":131,"column":36}},"66":{"start":{"line":134,"column":16},"end":{"line":134,"column":41}},"67":{"start":{"line":137,"column":8},"end":{"line":145,"column":9}},"68":{"start":{"line":138,"column":12},"end":{"line":138,"column":84}},"69":{"start":{"line":140,"column":12},"end":{"line":144,"column":43}},"70":{"start":{"line":141,"column":16},"end":{"line":142,"column":98}},"71":{"start":{"line":142,"column":20},"end":{"line":142,"column":97}},"72":{"start":{"line":144,"column":16},"end":{"line":144,"column":41}},"73":{"start":{"line":147,"column":8},"end":{"line":162,"column":9}},"74":{"start":{"line":148,"column":12},"end":{"line":161,"column":15}},"75":{"start":{"line":150,"column":20},"end":{"line":150,"column":62}},"76":{"start":{"line":152,"column":20},"end":{"line":152,"column":46}},"77":{"start":{"line":154,"column":20},"end":{"line":154,"column":36}},"78":{"start":{"line":156,"column":16},"end":{"line":160,"column":17}},"79":{"start":{"line":157,"column":20},"end":{"line":157,"column":54}},"80":{"start":{"line":159,"column":20},"end":{"line":159,"column":45}},"81":{"start":{"line":164,"column":8},"end":{"line":166,"column":9}},"82":{"start":{"line":165,"column":12},"end":{"line":165,"column":124}},"83":{"start":{"line":168,"column":8},"end":{"line":188,"column":16}},"84":{"start":{"line":170,"column":16},"end":{"line":170,"column":50}},"85":{"start":{"line":172,"column":16},"end":{"line":172,"column":43}},"86":{"start":{"line":174,"column":16},"end":{"line":181,"column":17}},"87":{"start":{"line":175,"column":20},"end":{"line":178,"column":23}},"88":{"start":{"line":176,"column":24},"end":{"line":176,"column":71}},"89":{"start":{"line":177,"column":24},"end":{"line":177,"column":57}},"90":{"start":{"line":180,"column":20},"end":{"line":180,"column":52}},"91":{"start":{"line":184,"column":12},"end":{"line":188,"column":14}},"92":{"start":{"line":191,"column":4},"end":{"line":240,"column":5}},"93":{"start":{"line":193,"column":8},"end":{"line":194,"column":32}},"94":{"start":{"line":196,"column":8},"end":{"line":201,"column":9}},"95":{"start":{"line":197,"column":12},"end":{"line":200,"column":33}},"96":{"start":{"line":198,"column":16},"end":{"line":198,"column":62}},"97":{"start":{"line":200,"column":16},"end":{"line":200,"column":31}},"98":{"start":{"line":204,"column":8},"end":{"line":239,"column":11}},"99":{"start":{"line":205,"column":12},"end":{"line":205,"column":30}},"100":{"start":{"line":207,"column":12},"end":{"line":209,"column":13}},"101":{"start":{"line":208,"column":16},"end":{"line":208,"column":44}},"102":{"start":{"line":211,"column":12},"end":{"line":213,"column":13}},"103":{"start":{"line":212,"column":16},"end":{"line":212,"column":86}},"104":{"start":{"line":215,"column":12},"end":{"line":238,"column":33}},"105":{"start":{"line":217,"column":20},"end":{"line":217,"column":55}},"106":{"start":{"line":219,"column":20},"end":{"line":223,"column":44}},"107":{"start":{"line":220,"column":24},"end":{"line":220,"column":58}},"108":{"start":{"line":221,"column":24},"end":{"line":221,"column":28}},"109":{"start":{"line":223,"column":24},"end":{"line":223,"column":43}},"110":{"start":{"line":225,"column":20},"end":{"line":228,"column":21}},"111":{"start":{"line":226,"column":24},"end":{"line":226,"column":50}},"112":{"start":{"line":227,"column":24},"end":{"line":227,"column":40}},"113":{"start":{"line":229,"column":20},"end":{"line":235,"column":21}},"114":{"start":{"line":230,"column":24},"end":{"line":230,"column":104}},"115":{"start":{"line":232,"column":24},"end":{"line":232,"column":71}},"116":{"start":{"line":234,"column":24},"end":{"line":234,"column":40}},"117":{"start":{"line":238,"column":16},"end":{"line":238,"column":31}},"118":{"start":{"line":242,"column":4},"end":{"line":242,"column":30}},"119":{"start":{"line":243,"column":4},"end":{"line":243,"column":43}},"120":{"start":{"line":244,"column":4},"end":{"line":244,"column":35}}},"branchMap":{"1":{"line":20,"type":"binary-expr","locations":[{"start":{"line":20,"column":38},"end":{"line":20,"column":48}},{"start":{"line":20,"column":52},"end":{"line":20,"column":54}}]},"2":{"line":25,"type":"if","locations":[{"start":{"line":25,"column":12},"end":{"line":25,"column":12}},{"start":{"line":25,"column":12},"end":{"line":25,"column":12}}]},"3":{"line":39,"type":"if","locations":[{"start":{"line":39,"column":24},"end":{"line":39,"column":24}},{"start":{"line":39,"column":24},"end":{"line":39,"column":24}}]},"4":{"line":52,"type":"binary-expr","locations":[{"start":{"line":52,"column":29},"end":{"line":52,"column":79}},{"start":{"line":52,"column":83},"end":{"line":52,"column":84}}]},"5":{"line":80,"type":"binary-expr","locations":[{"start":{"line":80,"column":23},"end":{"line":80,"column":42}},{"start":{"line":80,"column":46},"end":{"line":80,"column":51}}]},"6":{"line":90,"type":"binary-expr","locations":[{"start":{"line":90,"column":23},"end":{"line":90,"column":39}},{"start":{"line":90,"column":43},"end":{"line":90,"column":48}}]},"7":{"line":100,"type":"binary-expr","locations":[{"start":{"line":100,"column":23},"end":{"line":100,"column":41}},{"start":{"line":100,"column":45},"end":{"line":100,"column":50}}]},"8":{"line":123,"type":"if","locations":[{"start":{"line":123,"column":16},"end":{"line":123,"column":16}},{"start":{"line":123,"column":16},"end":{"line":123,"column":16}}]},"9":{"line":142,"type":"binary-expr","locations":[{"start":{"line":142,"column":23},"end":{"line":142,"column":54}},{"start":{"line":142,"column":58},"end":{"line":142,"column":87}},{"start":{"line":142,"column":91},"end":{"line":142,"column":96}}]},"10":{"line":156,"type":"if","locations":[{"start":{"line":156,"column":16},"end":{"line":156,"column":16}},{"start":{"line":156,"column":16},"end":{"line":156,"column":16}}]},"11":{"line":156,"type":"binary-expr","locations":[{"start":{"line":156,"column":20},"end":{"line":156,"column":25}},{"start":{"line":156,"column":29},"end":{"line":156,"column":49}}]},"12":{"line":165,"type":"cond-expr","locations":[{"start":{"line":165,"column":53},"end":{"line":165,"column":86}},{"start":{"line":165,"column":89},"end":{"line":165,"column":123}}]},"13":{"line":165,"type":"binary-expr","locations":[{"start":{"line":165,"column":12},"end":{"line":165,"column":26}},{"start":{"line":165,"column":30},"end":{"line":165,"column":50}}]},"14":{"line":174,"type":"if","locations":[{"start":{"line":174,"column":16},"end":{"line":174,"column":16}},{"start":{"line":174,"column":16},"end":{"line":174,"column":16}}]},"15":{"line":184,"type":"cond-expr","locations":[{"start":{"line":184,"column":20},"end":{"line":184,"column":31}},{"start":{"line":184,"column":34},"end":{"line":188,"column":14}}]},"16":{"line":207,"type":"if","locations":[{"start":{"line":207,"column":12},"end":{"line":207,"column":12}},{"start":{"line":207,"column":12},"end":{"line":207,"column":12}}]},"17":{"line":211,"type":"if","locations":[{"start":{"line":211,"column":12},"end":{"line":211,"column":12}},{"start":{"line":211,"column":12},"end":{"line":211,"column":12}}]},"18":{"line":225,"type":"if","locations":[{"start":{"line":225,"column":20},"end":{"line":225,"column":20}},{"start":{"line":225,"column":20},"end":{"line":225,"column":20}}]},"19":{"line":229,"type":"if","locations":[{"start":{"line":229,"column":20},"end":{"line":229,"column":20}},{"start":{"line":229,"column":20},"end":{"line":229,"column":20}}]},"20":{"line":229,"type":"binary-expr","locations":[{"start":{"line":229,"column":24},"end":{"line":229,"column":35}},{"start":{"line":229,"column":39},"end":{"line":229,"column":55}}]},"21":{"line":230,"type":"cond-expr","locations":[{"start":{"line":230,"column":76},"end":{"line":230,"column":87}},{"start":{"line":230,"column":90},"end":{"line":230,"column":103}}]}},"code":["const _ = require('underscore'),","    async = require('async'),","    through2 = require('through2'),","    clone = require('clone'),","    mergeDefaults = require('merge-defaults'),","    configDefaults = require('require-directory')(module, 'config'),","    helpers = require('./helpers-es5.js'),","    path = require('path'),","    toIco = require('to-ico');","","(() => {","","    'use strict';","","    _.mergeDefaults = mergeDefaults;","","    function favicons (source, parameters, next) {","","        const config = clone(configDefaults),","            options = _.mergeDefaults(parameters || {}, config.defaults),","            µ = helpers(options),","            background = µ.General.background(options.background);","","        function createFavicon (sourceset, properties, name, platformOptions, callback) {","            if (path.extname(name) === '.ico') {","                async.map(","                    properties.sizes,","                    (sizeProperties, cb) => {","                        const newProperties = clone(properties);","","                        newProperties.width = sizeProperties.width;","                        newProperties.height = sizeProperties.height;","","                        const tempName = `favicon-temp-${newProperties.width}x${newProperties.height}.png`;","","                        createFavicon(sourceset, newProperties, tempName, platformOptions, cb);","                    },","                    (error, results) => {","                        if (error) {","                            return callback(error);","                        }","","                        const files = results.map((icoImage) => icoImage.contents);","","                        toIco(files)","                            .then((buffer) => callback(null, { name, contents: buffer }))","                            .catch(callback);","                    }","                );","            } else {","                const maximum = Math.max(properties.width, properties.height),","                    offset = Math.round(maximum / 100 * platformOptions.offset) || 0;","","                async.waterfall([","                    (cb) =>","                        µ.Images.nearest(sourceset, properties, offset, cb),","                    (nearest, cb) =>","                        µ.Images.read(nearest.file, cb),","                    (buffer, cb) =>","                        µ.Images.resize(buffer, properties, offset, cb),","                    (resizedBuffer, cb) =>","                        µ.Images.create(properties, background, (error, canvas) =>","                            cb(error, resizedBuffer, canvas)),","                    (resizedBuffer, canvas, cb) =>","                        µ.Images.composite(canvas, resizedBuffer, properties, offset, maximum, cb),","                    (composite, cb) => {","                        µ.Images.getBuffer(composite, cb);","                    }","                ], (error, buffer) =>","                    callback(error, { name, contents: buffer }));","            }","","        }","","        function createHTML (platform, callback) {","            const html = [];","","            async.forEachOf(config.html[platform], (tag, selector, cb) =>","                µ.HTML.parse(tag, (error, metadata) =>","                    cb(html.push(metadata) && error)),","            (error) =>","                callback(error, html));","        }","","        function createFiles (platform, callback) {","            const files = [];","","            async.forEachOf(config.files[platform], (properties, name, cb) =>","                µ.Files.create(properties, name, (error, file) =>","                    cb(files.push(file) && error)),","            (error) =>","                callback(error, files));","        }","","        function createFavicons (sourceset, platform, platformOptions, callback) {","            const images = [];","","            async.forEachOf(config.icons[platform], (properties, name, cb) =>","                createFavicon(sourceset, properties, name, platformOptions, (error, image) =>","                    cb(images.push(image) && error)),","            (error) =>","                callback(error, images));","        }","","        function createPlatform (sourceset, platform, platformOptions, callback) {","            async.parallel([","                (cb) =>","                    createFavicons(sourceset, platform, platformOptions, cb),","                (cb) =>","                    createFiles(platform, cb),","                (cb) =>","                    createHTML(platform, cb)","            ], (error, results) =>","                callback(error, results[0], results[1], results[2]));","        }","","        function createOffline (sourceset, callback) {","            const response = { images: [], files: [], html: [] };","","            async.forEachOf(options.icons, (enabled, platform, cb) => {","                const platformOptions = µ.General.preparePlatformOptions(platform, enabled);","","                if (enabled) {","                    createPlatform(sourceset, platform, platformOptions, (error, images, files, html) => {","                        response.images = response.images.concat(images);","                        response.files = response.files.concat(files);","                        response.html = response.html.concat(html);","                        cb(error);","                    });","                } else {","                    return cb(null);","                }","            }, (error) =>","                callback(error, response));","        }","","        function unpack (pack, callback) {","            const response = { images: [], files: [], html: pack.html.split('\\n') };","","            async.each(pack.files, (url, cb) =>","                µ.RFG.fetch(url, (error, box) =>","                    cb(response.images.push(box.image) && response.files.push(box.file) && error)),","            (error) =>","                callback(error, response));","        }","","        function createOnline (sourceset, callback) {","            async.waterfall([","                (cb) =>","                    µ.RFG.configure(sourceset, config.rfg, cb),","                (request, cb) =>","                    µ.RFG.request(request, cb),","                (pack, cb) =>","                    unpack(pack, cb)","            ], (error, results) => {","                if (error && options.preferOnline) {","                    createOffline(sourceset, callback)","                } else {","                    callback(error, results);","                }","            });","        }","","        function create (sourceset, callback) {","            options.online || options.preferOnline ? createOnline(sourceset, callback) : createOffline(sourceset, callback);","        }","","        async.waterfall([","            (callback) =>","                µ.General.source(source, callback),","            (sourceset, callback) =>","                create(sourceset, callback),","            (response, callback) => {","                if (options.pipeHTML) {","                    µ.Files.create(response.html, options.html, (error, file) => {","                        response.files = response.files.concat([file]);","                        return callback(error, response);","                    });","                } else {","                    return callback(null, response);","                }","            }","        ], (error, response) =>","            error ? next(error) : next(null, {","                images: _.compact(response.images),","                files: _.compact(response.files),","                html: _.compact(response.html)","            }));","    }","","    function stream (params, handleHtml) {","","        const config = clone(configDefaults),","            µ = helpers(params);","","        function processDocuments (documents, html, callback) {","            async.each(documents, (document, cb) =>","                µ.HTML.update(document, html, config.html, cb),","            (error) =>","                callback(error));","        }","","        /* eslint func-names: 0, no-invalid-this: 0 */","        return through2.obj(function (file, encoding, callback) {","            const that = this;","","            if (file.isNull()) {","                return callback(null, file);","            }","","            if (file.isStream()) {","                return callback(new Error('[gulp-favicons] Streaming not supported'));","            }","","            async.waterfall([","                (cb) =>","                    favicons(file.contents, params, cb),","                (response, cb) =>","                    async.each(response.images.concat(response.files), (image, c) => {","                        that.push(µ.General.vinyl(image));","                        c();","                    }, (error) =>","                        cb(error, response)),","                (response, cb) => {","                    if (handleHtml) {","                        handleHtml(response.html);","                        return cb(null);","                    }","                    if (params.html && !params.pipeHTML) {","                        const documents = typeof params.html === 'object' ? params.html : [params.html];","","                        processDocuments(documents, response.html, cb);","                    } else {","                        return cb(null);","                    }","                }","            ], (error) =>","                callback(error));","        });","    }","","    module.exports = favicons;","    module.exports.config = configDefaults;","    module.exports.stream = stream;","","})();",""],"l":{"1":1,"11":1,"13":1,"15":1,"17":1,"19":0,"24":1,"25":0,"26":0,"29":0,"31":0,"32":0,"34":0,"36":0,"39":0,"40":0,"43":0,"45":0,"46":0,"51":0,"54":0,"56":0,"58":0,"60":0,"62":0,"63":0,"65":0,"67":0,"70":0,"75":1,"76":0,"78":0,"79":0,"80":0,"82":0,"85":1,"86":0,"88":0,"89":0,"90":0,"92":0,"95":1,"96":0,"98":0,"99":0,"100":0,"102":0,"105":1,"106":0,"108":0,"110":0,"112":0,"114":0,"117":1,"118":0,"120":0,"121":0,"123":0,"124":0,"125":0,"126":0,"127":0,"128":0,"131":0,"134":0,"137":1,"138":0,"140":0,"141":0,"142":0,"144":0,"147":1,"148":0,"150":0,"152":0,"154":0,"156":0,"157":0,"159":0,"164":1,"165":0,"168":0,"170":0,"172":0,"174":0,"175":0,"176":0,"177":0,"180":0,"184":0,"191":1,"193":0,"196":1,"197":0,"198":0,"200":0,"204":0,"205":0,"207":0,"208":0,"211":0,"212":0,"215":0,"217":0,"219":0,"220":0,"221":0,"223":0,"225":0,"226":0,"227":0,"229":0,"230":0,"232":0,"234":0,"238":0,"242":1,"243":1,"244":1}},"/home/travis/build/npmtest/node-npmtest-favicons/node_modules/favicons/helpers-es5.js":{"path":"/home/travis/build/npmtest/node-npmtest-favicons/node_modules/favicons/helpers-es5.js","s":{"1":1,"2":0,"3":0,"4":1,"5":1,"6":1,"7":1,"8":1,"9":1,"10":0,"11":1,"12":0,"13":1,"14":0,"15":0,"16":0,"17":0,"18":0,"19":1,"20":0,"21":1,"22":0,"23":0,"24":0,"25":0,"26":0,"27":0,"28":0,"29":0,"30":0,"31":0,"32":1,"33":0,"34":0,"35":0,"36":0,"37":0,"38":0,"39":0,"40":0,"41":0,"42":0,"43":0,"44":0,"45":0,"46":0,"47":0,"48":0,"49":0,"50":0,"51":0,"52":0,"53":0,"54":0,"55":0,"56":0,"57":0,"58":0,"59":0,"60":0,"61":0,"62":0,"63":0,"64":0,"65":0,"66":0,"67":0,"68":0,"69":0,"70":0,"71":0,"72":0,"73":0,"74":0,"75":0,"76":0,"77":0,"78":0,"79":0,"80":0,"81":0,"82":0,"83":0,"84":0,"85":0,"86":0,"87":0,"88":0,"89":0,"90":0,"91":0,"92":0,"93":0,"94":0,"95":0,"96":0,"97":0,"98":0,"99":0,"100":0,"101":0,"102":0,"103":0,"104":0,"105":0,"106":0,"107":0,"108":0,"109":0,"110":0,"111":0,"112":0,"113":0,"114":0,"115":0,"116":0,"117":0,"118":0,"119":0,"120":0,"121":0,"122":0,"123":0,"124":0,"125":0,"126":0,"127":0,"128":0,"129":0,"130":0,"131":0,"132":0,"133":0,"134":0,"135":0,"136":0,"137":0,"138":0,"139":0,"140":0,"141":0,"142":0,"143":0,"144":0,"145":0,"146":0,"147":0,"148":0,"149":0,"150":0,"151":0,"152":0,"153":0,"154":0,"155":0,"156":0,"157":0,"158":0,"159":0,"160":0,"161":0,"162":0,"163":0,"164":0,"165":0,"166":0,"167":0,"168":0,"169":0,"170":0,"171":0,"172":0,"173":0,"174":0,"175":0,"176":0,"177":0,"178":0,"179":0,"180":0,"181":0,"182":0,"183":0,"184":0,"185":0,"186":0,"187":0,"188":0,"189":0,"190":0,"191":0,"192":0,"193":0,"194":0,"195":0,"196":0,"197":0,"198":0,"199":0,"200":0,"201":0,"202":0,"203":0,"204":0,"205":0,"206":0,"207":0,"208":0,"209":0,"210":0,"211":0,"212":0,"213":0,"214":0,"215":0,"216":0,"217":0,"218":0,"219":0,"220":0,"221":0,"222":0,"223":0,"224":0,"225":0,"226":0,"227":0,"228":0,"229":0,"230":0,"231":1},"b":{"1":[1,0],"2":[1,1],"3":[0,0],"4":[0,0,0],"5":[0,0],"6":[0,0],"7":[0,0],"8":[0,0],"9":[0,0],"10":[0,0],"11":[0,0],"12":[0,0],"13":[0,0],"14":[0,0],"15":[0,0],"16":[0,0],"17":[0,0],"18":[0,0],"19":[0,0],"20":[0,0],"21":[0,0],"22":[0,0],"23":[0,0],"24":[0,0],"25":[0,0],"26":[0,0],"27":[0,0],"28":[0,0],"29":[0,0],"30":[0,0],"31":[0,0],"32":[0,0],"33":[0,0],"34":[0,0],"35":[0,0],"36":[0,0],"37":[0,0],"38":[0,0],"39":[0,0],"40":[0,0],"41":[0,0],"42":[0,0],"43":[0,0],"44":[0,0],"45":[0,0,0],"46":[0,0],"47":[0,0],"48":[0,0],"49":[0,0],"50":[0,0],"51":[0,0],"52":[0,0],"53":[0,0],"54":[0,0],"55":[0,0],"56":[0,0],"57":[0,0],"58":[0,0],"59":[0,0],"60":[0,0],"61":[0,0],"62":[0,0],"63":[0,0],"64":[0,0],"65":[0,0],"66":[0,0]},"f":{"1":0,"2":0,"3":1,"4":0,"5":0,"6":0,"7":0,"8":0,"9":0,"10":0,"11":0,"12":0,"13":0,"14":0,"15":0,"16":0,"17":0,"18":0,"19":0,"20":0,"21":0,"22":0,"23":0,"24":0,"25":0,"26":0,"27":0,"28":0,"29":0,"30":0,"31":0,"32":0,"33":0,"34":0,"35":0,"36":0,"37":0,"38":0,"39":0,"40":0,"41":0,"42":0,"43":0,"44":0,"45":0,"46":0,"47":0,"48":0,"49":0,"50":0,"51":0,"52":0,"53":0,"54":0,"55":0},"fnMap":{"1":{"name":"(anonymous_1)","line":3,"loc":{"start":{"line":3,"column":84},"end":{"line":3,"column":99}}},"2":{"name":"(anonymous_2)","line":3,"loc":{"start":{"line":3,"column":124},"end":{"line":3,"column":139}}},"3":{"name":"(anonymous_3)","line":24,"loc":{"start":{"line":24,"column":1},"end":{"line":24,"column":13}}},"4":{"name":"helpers","line":37,"loc":{"start":{"line":37,"column":4},"end":{"line":37,"column":30}}},"5":{"name":"contains","line":39,"loc":{"start":{"line":39,"column":8},"end":{"line":39,"column":42}}},"6":{"name":"relative","line":43,"loc":{"start":{"line":43,"column":8},"end":{"line":43,"column":37}}},"7":{"name":"print","line":47,"loc":{"start":{"line":47,"column":8},"end":{"line":47,"column":41}}},"8":{"name":"(anonymous_8)","line":51,"loc":{"start":{"line":51,"column":43},"end":{"line":51,"column":59}}},"9":{"name":"readFile","line":58,"loc":{"start":{"line":58,"column":8},"end":{"line":58,"column":46}}},"10":{"name":"updateDocument","line":62,"loc":{"start":{"line":62,"column":8},"end":{"line":62,"column":60}}},"11":{"name":"(anonymous_11)","line":67,"loc":{"start":{"line":67,"column":29},"end":{"line":67,"column":59}}},"12
[...]
) => {","                    let sourceset = [];","","                    print('General:source', `Source type is ${ typeof source }`);","                    if (!source || !source.length) {","                        return callback('No source provided');","                    } else if (Buffer.isBuffer(source)) {","                        sourceset = [{ size: sizeOf(source), file: source }];","                        callback(null, sourceset);","                    } else if (Array.isArray(source)) {","                        async.each(source, (file, cb) =>","                            readFile(file, (error, buffer) => {","                                if (error) {","                                    return cb(error);","                                }","","                                sourceset.push({","                                    size: sizeOf(buffer),","                                    file: buffer","                                });","                                cb(null);","                            }),","                            (error) =>","                                callback(error || sourceset.length ? null : 'Favicons source is invalid', sourceset)","                        );","                    } else if (typeof source === 'string') {","                        readFile(source, (error, buffer) => {","                            if (error) {","                                return callback(error);","                            }","","                            sourceset = [{ size: sizeOf(buffer), file: buffer }];","                            callback(null, sourceset);","                        });","                    } else {","                        return callback('Invalid source type provided');","                    }","                },","                vinyl: (object) =>","                    new File({","                        path: object.name,","                        contents: Buffer.isBuffer(object.contents) ? object.contents : new Buffer(object.contents)","                    })","            },","","            HTML: {","                parse: (html, callback) => {","                    print('HTML:parse', 'HTML found, parsing and modifying source');","                    const $ = cheerio.load(html),","                        link = $('*').is('link'),","                        attribute = link ? 'href' : 'content',","                        value = $('*').first().attr(attribute);","","                    if (path.extname(value)) {","                        $('*').first().attr(attribute, relative(value));","                    } else if (value.slice(0, 1) === '#') {","                        $('*').first().attr(attribute, options.background);","                    } else if (html.indexOf('application-name') !== NON_EXISTANT || html.indexOf('apple-mobile-web-app-title') !== NON_EXISTANT) {","                        $('*').first().attr(attribute, options.appName);","                    }","                    return callback(null, $.html());","                },","                update: (document, code, tags, callback) => {","                    const encoding = { encoding: 'utf8' };","","                    async.waterfall([","                        (cb) =>","                            mkdirp(path.dirname(document), cb),","                        (made, cb) =>","                            fs.readFile(document, encoding, (error, data) => cb(null, error ? null : data)),","                        (data, cb) =>","                            (data ? updateDocument(data, code, tags, cb) : cb(null, code.join('\\n'))),","                        (html, cb) =>","                            fs.writeFile(document, html, options, cb)","                    ], callback);","                }","            },","","            Files: {","                create: (properties, name, callback) => {","                    print('Files:create', `Creating file: ${ name }`);","                    if (name === 'manifest.json') {","                        properties.name = options.appName;","                        properties.short_name = options.appName;","                        properties.description = options.appDescription;","                        properties.dir = options.dir;","                        properties.lang = options.lang;","                        properties.display = options.display;","                        properties.orientation = options.orientation;","                        properties.start_url = options.start_url;","                        properties.background_color = options.background;","                        properties.theme_color = options.theme_color;","                        _.map(properties.icons, (icon) => (icon.src = relative(icon.src)));","                        properties = JSON.stringify(properties, null, 2);","                    } else if (name === 'manifest.webapp') {","                        properties.version = options.version;","                        properties.name = options.appName;","                        properties.description = options.appDescription;","                        properties.developer.name = options.developerName;","                        properties.developer.url = options.developerURL;","                        properties.icons = _.mapObject(properties.icons, (property) => relative(property));","                        properties = JSON.stringify(properties, null, 2);","                    } else if (name === 'browserconfig.xml') {","                        _.map(properties[0].children[0].children[0].children, (property) => {","                            if (property.name === 'TileColor') {","                                property.text = options.background;","                            } else {","                                property.attrs.src = relative(property.attrs.src);","                            }","                        });","                        properties = jsonxml(properties, xmlconfig);","                    } else if (name === 'yandex-browser-manifest.json') {","                        properties.version = options.version;","                        properties.api_version = 1;","                        properties.layout.logo = relative(properties.layout.logo);","                        properties.layout.color = options.background;","                        properties = JSON.stringify(properties, null, 2);","                    } else if (/\\.html$/.test(name)) {","                        properties = properties.join('\\n');","                    }","                    return callback(null, { name, contents: properties });","                }","            },","","            Images: {","                create: (properties, background, callback) => {","                    let jimp = null;","","                    print('Image:create', `Creating empty ${ properties.width }x${ properties.height } canvas with ${ (properties.transparent ? 'transparent' : background) } background`);","                    jimp = new Jimp(properties.width, properties.height, properties.transparent ? 0x00000000 : background, (error, canvas) =>","                        callback(error, canvas, jimp));","                },","                read: (file, callback) => {","                    print('Image:read', `Reading file: ${ file.buffer }`);","                    return Jimp.read(file, callback);","                },","                nearest: (sourceset, properties, offset, callback) => {","                    print('Image:nearest', `Find nearest icon to ${ properties.width }x${ properties.height } with offset ${ offset }`);","","                    const offsetSize = offset * 2,","                        width = properties.width - offsetSize,","                        height = properties.height - offsetSize,","                        sideSize = Math.max(width, height),","                        svgSource = _.find(sourceset, (source) => source.size.type == 'svg');","","                    let nearestIcon = sourceset[0],","                        nearestSideSize = Math.max(nearestIcon.size.width, nearestIcon.size.height);","","                    if (svgSource) {","                            print('Image:nearest', `SVG source will be saved as ${ width }x${ height }`);","                            svg2png(svgSource.file, { height, width })","                                .then((resizedBuffer) => callback(null, {","                                    size: sizeOf(resizedBuffer),","                                    file: resizedBuffer","                                }))","                                .catch(callback);","                    } else {","                        _.each(sourceset, (icon) => {","                            let max = Math.max(icon.size.width, icon.size.height);","","                            if ((nearestSideSize > max || nearestSideSize < sideSize) && max >= sideSize) {","                                nearestIcon = icon;","                                nearestSideSize = max;","                            }","                        });","","                        callback(null, nearestIcon);","                    }","                },","                resize: (image, properties, offset, callback) => {","                    print('Images:resize', `Resizing image to contain in ${ properties.width }x${ properties.height } with offset ${ offset }`);","                    let offsetSize = offset * 2;","                    image.contain(properties.width - offsetSize, properties.height - offsetSize, Jimp.HORIZONTAL_ALIGN_CENTER | Jimp.VERTICAL_ALIGN_MIDDLE);","                    return callback(null, image);","                },","                composite: (canvas, image, properties, offset, maximum, callback) => {","                    const offsetSize = offset * 2,","                        maximumWithOffset = maximum - offsetSize,","                        offsetHeight = properties.height - maximumWithOffset > 0 ? (properties.height - maximumWithOffset) / 2 : 0,","                        offsetWidth = properties.width - maximumWithOffset > 0 ? (properties.width - maximumWithOffset) / 2 : 0,","                        circle = path.join(__dirname, 'mask.png'),","                        overlay = path.join(__dirname, 'overlay.png');","","                    if (properties.rotate) {","                        print('Images:composite', `Rotating image by ${ROTATE_DEGREES}`);","                        image.rotate(ROTATE_DEGREES);","                    }","","                    const compositeIcon = () => {","                        print('Images:composite', `Compositing ${ maximum }x${ maximum } favicon on ${ properties.width }x${ properties.height } canvas with offset ${ offset }`);","                        canvas.composite(image, offsetWidth, offsetHeight);","                    };","","                    if (properties.mask) {","                        print('Images:composite', 'Masking composite image on circle');","                        async.parallel([","                            (cb) => Jimp.read(circle, cb),","                            (cb) => Jimp.read(overlay, cb)","                        ], (error, images) => {","                            images[0].resize(maximum, Jimp.AUTO);","                            images[1].resize(maximum, Jimp.AUTO);","                            canvas.mask(images[0], 0, 0);","                            canvas.composite(images[1], 0, 0);","                            compositeIcon();","                            return callback(error, canvas);","                        });","                    } else {","                        compositeIcon();","                        return callback(null, canvas);","                    }","                },","                getBuffer: (canvas, callback) => {","                    print('Images:getBuffer', 'Collecting image buffer from canvas');","                    canvas.getBuffer(Jimp.MIME_PNG, callback);","                }","            },","","            RFG: {","                configure: (sourceset, request, callback) => {","                    print('RFG:configure', 'Configuring RFG API request');","                    const svgSource = _.find(sourceset, (source) => source.size.type == 'svg');","                    options.background = `#${ color(options.background).toHex() }`;","                    request.master_picture.content = (svgSource || _.max(sourceset, ({ size: { width, height }}) => Math.max(width, height))).file.toString('base64');","                    request.files_location.path = options.path;","","                    if (options.icons.android) {","                        request.favicon_design.android_chrome.theme_color = options.background;","                        request.favicon_design.android_chrome.manifest.name = options.appName;","                        request.favicon_design.android_chrome.manifest.display = options.display;","                        request.favicon_design.android_chrome.manifest.orientation = options.orientation;","                    } else {","                        Reflect.deleteProperty(request.favicon_design, 'android_chrome');","                    }","","                    if (options.icons.appleIcon) {","                        let appleIconOptions = preparePlatformOptions('appleIcon', options.icons.appleIcon);","                        request.favicon_design.ios.background_color = options.background;","                        request.favicon_design.ios.margin = Math.round(57 / 100 * appleIconOptions.offset);","                    } else {","                        Reflect.deleteProperty(request.favicon_design, 'ios');","                    }","","                    if (options.icons.appleStartup) {","                        request.favicon_design.ios.startup_image.background_color = options.background;","                    } else if (request.favicon_design.ios) {","                        Reflect.deleteProperty(request.favicon_design.ios, 'startup_image');","                    }","","                    if (options.icons.coast) {","                        let coastOptions = preparePlatformOptions('coast', options.icons.coast);","                        request.favicon_design.coast.background_color = options.background;","                        request.favicon_design.coast.margin = Math.round(228 / 100 * coastOptions.offset);","                    } else {","                        Reflect.deleteProperty(request.favicon_design, 'coast');","                    }","","                    if (!options.icons.favicons) {","                        Reflect.deleteProperty(request.favicon_design, 'desktop_browser');","                    }","","                    if (options.icons.firefox) {","                        let firefoxOptions = preparePlatformOptions('firefox', options.icons.firefox);","                        request.favicon_design.firefox_app.background_color = options.background;","                        request.favicon_design.firefox_app.margin = Math.round(60 / 100 * firefoxOptions.offset);","                        request.favicon_design.firefox_app.manifest.app_name = options.appName;","                        request.favicon_design.firefox_app.manifest.app_description = options.appDescription;","                        request.favicon_design.firefox_app.manifest.developer_name = options.developerName;","                        request.favicon_design.firefox_app.manifest.developer_url = options.developerURL;","                    } else {","                        Reflect.deleteProperty(request.favicon_design, 'firefox_app');","                    }","","                    if (options.icons.windows) {","                        request.favicon_design.windows.background_color = options.background;","                    } else {","                        Reflect.deleteProperty(request.favicon_design, 'windows');","                    }","","                    if (options.icons.yandex) {","                        request.favicon_design.yandex_browser.background_color = options.background;","                        request.favicon_design.yandex_browser.manifest.version = options.version;","                    } else {","                        Reflect.deleteProperty(request.favicon_design, 'yandex_browser');","                    }","","                    return callback(null, request);","                },","                request: (request, callback) => {","                    print('RFG:request', 'Posting a request to the RFG API');","                    client.post('http://realfavicongenerator.net/api/favicon', {","                        data: { favicon_generation: request },","                        headers: { 'Content-Type': 'application/json' }","                    }, (data, response) => {","                        const result = data.favicon_generation_result;","","                        return result && response.statusCode === HTTP_SUCCESS ? callback(null, {","                            files: result.favicon.files_urls,","                            html: result.favicon.html_code","                        }) : callback(result.result.error_message);","                    });","                },","                fetch: (address, callback) => {","                    const name = path.basename(address),","                        image = contains(['.png', '.jpg', '.bmp', '.ico', '.svg'], path.extname(name));","","                    print('RFG:fetch', `Fetching ${ image ? 'image' : 'file' } from RFG: ${ address }`);","                    client.get(address, (buffer, response) => {","                        const success = buffer && response.statusCode === HTTP_SUCCESS;","","                        return success ? callback(null, {","                            file: image ? null : { name, contents: buffer },","                            image: image ? { name, contents: buffer } : null","                        }) : callback(`Could not fetch URL: ${ address }`);","                    });","                }","            }","","        };","","    }","","    module.exports = helpers;","","})();",""],"l":{"3":1,"20":1,"22":1,"24":1,"31":1,"33":1,"35":1,"36":0,"39":1,"40":0,"43":1,"44":0,"46":0,"47":0,"48":0,"50":0,"54":1,"55":0,"58":1,"59":0,"63":0,"64":0,"65":0,"66":0,"67":0,"68":0,"70":0,"73":0,"74":0,"78":1,"79":0,"80":0,"83":0,"84":0,"86":0,"87":0,"91":0,"92":0,"93":0,"97":0,"100":0,"105":0,"106":0,"108":0,"111":0,"113":0,"114":0,"115":0,"116":0,"117":0,"118":0,"119":0,"120":0,"121":0,"122":0,"123":0,"126":0,"130":0,"133":0,"135":0,"136":0,"137":0,"138":0,"141":0,"142":0,"145":0,"149":0,"157":0,"158":0,"163":0,"164":0,"165":0,"166":0,"167":0,"168":0,"170":0,"173":0,"175":0,"177":0,"179":0,"181":0,"183":0,"190":0,"191":0,"192":0,"193":0,"194":0,"195":0,"196":0,"197":0,"198":0,"199":0,"200":0,"201":0,"202":0,"203":0,"204":0,"205":0,"206":0,"207":0,"208":0,"209":0,"210":0,"211":0,"212":0,"213":0,"214":0,"215":0,"217":0,"220":0,"221":0,"222":0,"223":0,"224":0,"225":0,"226":0,"227":0,"228":0,"230":0,"236":0,"238":0,"239":0,"240":0,"243":0,"244":0,"247":0,"249":0,"253":0,"255":0,"258":0,"259":0,"260":0,"261":0,"267":0,"268":0,"270":0,"271":0,"272":0,"276":0,"280":0,"281":0,"282":0,"283":0,"286":0,"293":0,"294":0,"295":0,"298":0,"299":0,"300":0,"303":0,"304":0,"305":0,"306":0,"307":0,"309":0,"310":0,"311":0,"312":0,"313":0,"314":0,"317":0,"318":0,"322":0,"323":0,"329":0,"330":0,"331":0,"332":0,"333":0,"335":0,"336":0,"337":0,"338":0,"339":0,"341":0,"344":0,"345":0,"346":0,"347":0,"349":0,"352":0,"353":0,"354":0,"355":0,"358":0,"359":0,"360":0,"361":0,"363":0,"366":0,"367":0,"370":0,"371":0,"372":0,"373":0,"374":0,"375":0,"376":0,"377":0,"379":0,"382":0,"383":0,"385":0,"388":0,"389":0,"390":0,"392":0,"395":0,"398":0,"399":0,"403":0,"405":0,"412":0,"415":0,"416":0,"417":0,"419":0,"431":1}}}